01/01/2022 05:06:55 PM
LogName=System
EventCode=104
EventType=4
ComputerName=WIN-H6LURU4CDEM
User=NOT_TRANSLATED
Sid=S-1-5-21-3538442322-3153558195-3825427017-500
SidType=0
SourceName=Microsoft-Windows-Eventlog
Type=Information
RecordNumber=980
Keywords=None
TaskCategory=Log clear
OpCode=Info
Message=The Setup log file was cleared.
01/01/2022 05:06:55 PM
LogName=System
EventCode=104
EventType=4
ComputerName=WIN-H6LURU4CDEM
User=NOT_TRANSLATED
Sid=S-1-5-21-3538442322-3153558195-3825427017-500
SidType=0
SourceName=Microsoft-Windows-Eventlog
Type=Information
RecordNumber=979
Keywords=None
TaskCategory=Log clear
OpCode=Info
Message=The Application log file was cleared.
01/17/2022 05:06:55 PM
LogName=System
EventCode=104
EventType=4
ComputerName=WIN-H6LURU4CDEM
User=NOT_TRANSLATED
Sid=S-1-5-21-3538442322-3153558195-3825427017-500
SidType=0
SourceName=Microsoft-Windows-Eventlog
Type=Information
RecordNumber=978
Keywords=None
TaskCategory=Log clear
OpCode=Info
Message=The System log file was cleared.
01/17/2022 05:06:57 PM
LogName=System
EventCode=6006
EventType=4
ComputerName=WIN-H6LURU4CDEM
SourceName=EventLog
Type=Information
RecordNumber=983
Keywords=Classic
TaskCategory=None
OpCode=None
Message=The Event log service was stopped.
01/29/2022 05:06:57 PM
LogName=System
EventCode=4
EventType=4
ComputerName=WIN-H6LURU4CDEM
SourceName=McAfee Service Controller
Type=Information
RecordNumber=982
Keywords=Classic
TaskCategory=None
OpCode=None
02/02/20222 05:06:55 PM
LogName=System
EventCode=7040
EventType=4
ComputerName=WIN-H6LURU4CDEM
User=NOT_TRANSLATED
Sid=S-1-5-21-3538442322-3153558195-3825427017-500
SidType=0
SourceName=Microsoft-Windows-Service Control Manager
Type=Information
RecordNumber=981
Keywords=Classic
TaskCategory=None
OpCode=The operation completed successfully.
Message=The start type of the Windows Search service was changed from auto start to disabled.
02/06/2022 05:06:57 PM
LogName=System
EventCode=7002
EventType=4
ComputerName=WIN-H6LURU4CDEM
User=NOT_TRANSLATED
Sid=S-1-5-18
SidType=0
SourceName=Microsoft-Windows-Winlogon
Type=Information
RecordNumber=986
Keywords=None
TaskCategory=1102
OpCode=Info
Message=User Logoff Notification for Customer Experience Improvement Program
02/10/2022 05:06:56 PM
LogName=System
EventCode=1074
EventType=4
ComputerName=WIN-H6LURU4CDEM
User=NOT_TRANSLATED
Sid=S-1-5-21-3538442322-3153558195-3825427017-500
SidType=0
SourceName=User32
Type=Information
RecordNumber=985
Keywords=Classic
TaskCategory=None
OpCode=None
Message=The process C:\Windows\system32\shutdown.exe (WIN-H6LURU4CDEM) has initiated the restart of computer WIN-H6LURU4CDEM on behalf of user WIN-H6LURU4CDEM\Administrator for the following reason: No title for this reason could be found
 Reason Code: 0x800000ff
 Shutdown Type: restart
 Comment:
02/13/2022 05:06:56 PM
LogName=System
EventCode=7040
EventType=4
ComputerName=WIN-H6LURU4CDEM
User=NOT_TRANSLATED
Sid=S-1-5-21-3538442322-3153558195-3825427017-500
SidType=0
SourceName=Microsoft-Windows-Service Control Manager
Type=Information
RecordNumber=984
Keywords=Classic
TaskCategory=None
OpCode=The operation completed successfully.
Message=The start type of the Windows Search service was changed from disabled to auto start.
02/18/202205:06:57 PM
LogName=System
EventCode=50106
EventType=4
ComputerName=WIN-H6LURU4CDEM
User=NOT_TRANSLATED
Sid=S-1-5-19
SidType=0
SourceName=Microsoft-Windows-Dhcp-Client
Type=Information
RecordNumber=989
Keywords=None
TaskCategory=Service State Event
OpCode=ServiceShutdown
Message=DHCPv4 is waiting on DHCPv6 service to stop
02/21/2022 05:06:57 PM
LogName=System
EventCode=50105
EventType=4
ComputerName=WIN-H6LURU4CDEM
User=NOT_TRANSLATED
Sid=S-1-5-19
SidType=0
SourceName=Microsoft-Windows-Dhcp-Client
Type=Information
RecordNumber=988
Keywords=None
TaskCategory=Service State Event
OpCode=ServiceShutdown
Message=DHCPv4 client ProcessDHCPRequestForever received TERMINATE_EVENT
02/21/2022 05:06:57 PM
LogName=System
EventCode=50104
EventType=4
ComputerName=WIN-H6LURU4CDEM
User=NOT_TRANSLATED
Sid=S-1-5-19
SidType=0
SourceName=Microsoft-Windows-Dhcp-Client
Type=Information
RecordNumber=987
Keywords=None
TaskCategory=Service State Event
OpCode=ServiceShutdown
Message=DHCPv4 client received shutdown notification
02/21/2022 05:06:57 PM
LogName=System
EventCode=50037
EventType=4
ComputerName=WIN-H6LURU4CDEM
User=NOT_TRANSLATED
Sid=S-1-5-19
SidType=0
SourceName=Microsoft-Windows-Dhcp-Client
Type=Information
RecordNumber=992
Keywords=None
TaskCategory=Service State Event
OpCode=ServiceStop
Message=DHCPv4 client service is stopped. ShutDown Flag value is 1
02/21/2022 05:06:57 PM
LogName=System
EventCode=51057
EventType=4
ComputerName=WIN-H6LURU4CDEM
User=NOT_TRANSLATED
Sid=S-1-5-19
SidType=0
SourceName=Microsoft-Windows-DHCPv6-Client
Type=Information
RecordNumber=991
Keywords=None
TaskCategory=Service State Event
OpCode=ServiceStopWithRefCount
Message=DHCPv6 client service stop is almost done.DHCP Context Ref count is 1
02/21/2022 05:06:57 PM
LogName=System
EventCode=51047
EventType=4
ComputerName=WIN-H6LURU4CDEM
User=NOT_TRANSLATED
Sid=S-1-5-19
SidType=0
SourceName=Microsoft-Windows-DHCPv6-Client
Type=Information
RecordNumber=990
Keywords=None
TaskCategory=Service State Event
OpCode=ServiceStop
Message=DHCPv6 client service is stopped. ShutDown Flag value is 1
02/24/2021 05:07:02 PM
LogName=System
EventCode=109
EventType=4
ComputerName=LAPTOP-4Q46IUDJ
SourceName=Microsoft-Windows-Kernel-Power
Type=Information
RecordNumber=999
Keywords=None
TaskCategory=103
OpCode=Info
Message=The kernel power manager has initiated a shutdown transition.

Shutdown Reason: Kernel API
02/30/2022 05:06:57 PM
LogName=System
EventCode=4001
EventType=4
ComputerName=LAPTOP-4Q46IUDJ
User=NOT_TRANSLATED
Sid=S-1-5-18
SidType=0
SourceName=Microsoft-Windows-WLAN-AutoConfig
Type=Information
RecordNumber=998
Keywords=None
TaskCategory=None
OpCode=Stop
Message=WLAN AutoConfig service has successfully stopped.
03/05/2022 05:06:57 PM
LogName=System
EventCode=10002
EventType=3
ComputerName=LAPTOP-4Q46IUDJ
User=NOT_TRANSLATED
Sid=S-1-5-18
SidType=0
SourceName=Microsoft-Windows-WLAN-AutoConfig
Type=Warning
RecordNumber=997
Keywords=None
TaskCategory=None
OpCode=Info
Message=WLAN Extensibility Module has stopped.

Module Path: C:\Windows\system32\IntelIHVRouter08.dll
03/10/2022 05:07:02 PM
LogName=System
EventCode=13
EventType=4
ComputerName=LAPTOP-4Q46IUDJ
SourceName=Microsoft-Windows-Kernel-General
Type=Information
RecordNumber=1000
Keywords=None
TaskCategory=2
OpCode=Info
Message=The operating system is shutting down at system time ‎2021‎-‎11‎-‎11T22:07:02.777659500Z.
03/12/2022 01:23:16 AM
LogName=System
EventCode=10016
EventType=3
ComputerName=LAPTOP-4Q46IUDJ
User=NOT_TRANSLATED
Sid=S-1-5-21-3538442322-3153558195-3825427017-1001
SidType=0
SourceName=Microsoft-Windows-DistributedCOM
Type=Warning
RecordNumber=12960
Keywords=Classic
TaskCategory=None
OpCode=Info
Message=The application-specific permission settings do not grant Local Activation permission for the COM Server application with CLSID 
{2593F8B9-4EAF-457C-B68A-50F6B8EA6B54}
 and APPID 
{15C20B67-12E7-4BB6-92BB-7AFF07997402}
 to the user LAPTOP-4Q46IUDJ\darke SID (S-1-5-21-3538442322-3153558195-3825427017-1001) from address LocalHost (Using LRPC) running in the application container Unavailable SID (Unavailable). This security permission can be modified using the Component Services administrative tool.
04/1/2022 01:23:07 AM
LogName=System
EventCode=18
EventType=4
ComputerName=LAPTOP-4Q46IUDJ
SourceName=BTHUSB
Type=Information
RecordNumber=12959
Keywords=Classic
TaskCategory=None
OpCode=None
Message=Windows cannot store Bluetooth authentication codes (link keys) on the local adapter. Bluetooth keyboards might not work in the system BIOS during startup.
04/9/2022 01:21:55 AM
LogName=System
EventCode=12
EventType=4
ComputerName=LAPTOP-4Q46IUDJ
User=NOT_TRANSLATED
Sid=S-1-5-18
SidType=0
SourceName=Microsoft-Windows-UserModePowerService
Type=Information
RecordNumber=12958
Keywords=None
TaskCategory=10
OpCode=Info
Message=Process C:\Windows\System32\svchost.exe (process ID:2044) reset policy scheme from {c49fff68-a36d-437d-8c72-ec5557cbef6b} to {c49fff68-a36d-437d-8c72-ec5557cbef6b}
04/12/2022 01:21:55 AM
LogName=System
EventCode=105
EventType=4
ComputerName=LAPTOP-4Q46IUDJ
User=NOT_TRANSLATED
Sid=S-1-5-18
SidType=0
SourceName=Microsoft-Windows-Kernel-Power
Type=Information
RecordNumber=12957
Keywords=None
TaskCategory=100
OpCode=Info
Message=Power source change.
04/19/2022 01:21:44 AM
LogName=System
EventCode=6062
EventType=3
ComputerName=LAPTOP-4Q46IUDJ
SourceName=Netwtw10
Type=Warning
RecordNumber=12956
Keywords=Classic
TaskCategory=None
OpCode=None
Message=6062 - Lso was triggered
05/12/2022 01:21:44 AM
LogName=System
EventCode=7003
EventType=4
ComputerName=LAPTOP-4Q46IUDJ
SourceName=Netwtw10
Type=Information
RecordNumber=12955
Keywords=Classic
TaskCategory=None
OpCode=None
Message=7003 - Roam Complete
05/13/2022 01:21:44 AM
LogName=System
EventCode=7021
EventType=4
ComputerName=LAPTOP-4Q46IUDJ
SourceName=Netwtw10
Type=Information
RecordNumber=12954
Keywords=Classic
TaskCategory=None
OpCode=None
Message=7021 - Connection telemetry fields and analysis usage
05/20/2022 01:21:28 AM
LogName=System
EventCode=7040
EventType=4
ComputerName=LAPTOP-4Q46IUDJ
User=NOT_TRANSLATED
Sid=S-1-5-18
SidType=0
SourceName=Microsoft-Windows-Service Control Manager
Type=Information
RecordNumber=12953
Keywords=Classic
TaskCategory=None
OpCode=The operation completed successfully.
Message=The start type of the Background Intelligent Transfer Service service was changed from demand start to auto start.
05/30/2022 01:21:26 AM
LogName=System
EventCode=566
EventType=4
ComputerName=LAPTOP-4Q46IUDJ
User=NOT_TRANSLATED
Sid=S-1-5-18
SidType=0
SourceName=Microsoft-Windows-Kernel-Power
Type=Information
RecordNumber=12952
Keywords=None
TaskCategory=268
OpCode=Info
Message=The system session has transitioned from 583 to 585.

Reason: 19
05/30/2022 01:21:26 AM
LogName=System
EventCode=507
EventType=4
ComputerName=LAPTOP-4Q46IUDJ
User=NOT_TRANSLATED
Sid=S-1-5-18
SidType=0
SourceName=Microsoft-Windows-Kernel-Power
Type=Information
RecordNumber=12951
Keywords=None
TaskCategory=158
OpCode=Info
Message=The system is exiting Modern Standby 

Reason: Input Mouse.
05/30/202201:21:26 AM
LogName=System
EventCode=16
EventType=4
ComputerName=LAPTOP-4Q46IUDJ
User=NOT_TRANSLATED
Sid=S-1-5-18
SidType=0
SourceName=Microsoft-Windows-Kernel-General
Type=Information
RecordNumber=12950
Keywords=None
TaskCategory=None
OpCode=Info
Message=The access history in hive \??\C:\Users\darke\AppData\Local\Packages\5A894077.McAfeeSecurity_wafk5atnkzcwy\Settings\settings.dat was cleared updating 3 keys and creating 1 modified pages.
05/30/2022 01:21:26 AM
LogName=System
EventCode=12
EventType=4
ComputerName=LAPTOP-4Q46IUDJ
User=NOT_TRANSLATED
Sid=S-1-5-18
SidType=0
SourceName=Microsoft-Windows-UserModePowerService
Type=Information
RecordNumber=12949
Keywords=None
TaskCategory=10
OpCode=Info
Message=Process C:\Windows\System32\svchost.exe (process ID:2044) reset policy scheme from {c49fff68-a36d-437d-8c72-ec5557cbef6b} to {c49fff68-a36d-437d-8c72-ec5557cbef6b}
05/30/2022 01:21:26 AM
LogName=System
EventCode=12
EventType=4
ComputerName=LAPTOP-4Q46IUDJ
User=NOT_TRANSLATED
Sid=S-1-5-18
SidType=0
SourceName=Microsoft-Windows-UserModePowerService
Type=Information
RecordNumber=12948
Keywords=None
TaskCategory=10
OpCode=Info
Message=Process C:\Windows\System32\svchost.exe (process ID:2044) reset policy scheme from {c49fff68-a36d-437d-8c72-ec5557cbef6b} to {c49fff68-a36d-437d-8c72-ec5557cbef6b}
05/30/2022 01:21:25 AM
LogName=System
EventCode=506
EventType=4
ComputerName=LAPTOP-4Q46IUDJ
User=NOT_TRANSLATED
Sid=S-1-5-18
SidType=0
SourceName=Microsoft-Windows-Kernel-Power
Type=Information
RecordNumber=12947
Keywords=None
TaskCategory=157
OpCode=Info
Message=The system is entering Modern Standby 

Reason: AC/DC Display Burst Suppressed.
05/30/2022 01:21:25 AM
LogName=System
EventCode=566
EventType=4
ComputerName=LAPTOP-4Q46IUDJ
User=NOT_TRANSLATED
Sid=S-1-5-18
SidType=0
SourceName=Microsoft-Windows-Kernel-Power
Type=Information
RecordNumber=12946
Keywords=None
TaskCategory=268
OpCode=Info
Message=The system session has transitioned from 582 to 583.

Reason: 19
05/30/2022 01:21:25 AM
LogName=System
EventCode=507
EventType=4
ComputerName=LAPTOP-4Q46IUDJ
User=NOT_TRANSLATED
Sid=S-1-5-18
SidType=0
SourceName=Microsoft-Windows-Kernel-Power
Type=Information
RecordNumber=12945
Keywords=None
TaskCategory=158
OpCode=Info
Message=The system is exiting Modern Standby 

Reason: AC/DC Display Burst Suppressed.
05/30/2022 01:21:25 AM
LogName=System
EventCode=7026
EventType=4
ComputerName=LAPTOP-4Q46IUDJ
SourceName=Netwtw10
Type=Information
RecordNumber=12944
Keywords=Classic
TaskCategory=None
OpCode=None
Message=7026 - Dump after return from D3 after cmd
05/30/2022 01:21:25 AM
LogName=System
EventCode=7025
EventType=4
ComputerName=LAPTOP-4Q46IUDJ
SourceName=Netwtw10
Type=Information
RecordNumber=12943
Keywords=Classic
TaskCategory=None
OpCode=None
Message=7025 - Dump after return from D3 before cmd
06/5/2022 01:21:25 AM
LogName=System
EventCode=105
EventType=4
ComputerName=LAPTOP-4Q46IUDJ
User=NOT_TRANSLATED
Sid=S-1-5-18
SidType=0
SourceName=Microsoft-Windows-Kernel-Power
Type=Information
RecordNumber=12942
Keywords=None
TaskCategory=100
OpCode=Info
Message=Power source change.
06/13/2022 01:12:51 AM
LogName=System
EventCode=7026
EventType=4
ComputerName=LAPTOP-4Q46IUDJ
SourceName=Netwtw10
Type=Information
RecordNumber=12941
Keywords=Classic
TaskCategory=None
OpCode=None
Message=7026 - Dump after return from D3 after cmd
06/19/2022 01:12:51 AM
LogName=System
EventCode=7025
EventType=4
ComputerName=LAPTOP-4Q46IUDJ
SourceName=Netwtw10
Type=Information
RecordNumber=12940
Keywords=Classic
TaskCategory=None
OpCode=None
Message=7025 - Dump after return from D3 before cmd
06/19/2022 01:02:16 AM
LogName=System
EventCode=7026
EventType=4
ComputerName=LAPTOP-4Q46IUDJ
SourceName=Netwtw10
Type=Information
RecordNumber=12939
Keywords=Classic
TaskCategory=None
OpCode=None
Message=7026 - Dump after return from D3 after cmd
06/19/2022 01:02:16 AM
LogName=System
EventCode=7025
EventType=4
ComputerName=LAPTOP-4Q46IUDJ
SourceName=Netwtw10
Type=Information
RecordNumber=12938
Keywords=Classic
TaskCategory=None
OpCode=None
Message=7025 - Dump after return from D3 before cmd
06/19/2022 01:02:03 AM
LogName=System
EventCode=7026
EventType=4
ComputerName=LAPTOP-4Q46IUDJ
SourceName=Netwtw10
Type=Information
RecordNumber=12937
Keywords=Classic
TaskCategory=None
OpCode=None
Message=7026 - Dump after return from D3 after cmd
06/20/2022 01:02:03 AM
LogName=System
EventCode=7025
EventType=4
ComputerName=LAPTOP-4Q46IUDJ
SourceName=Netwtw10
Type=Information
RecordNumber=12936
Keywords=Classic
TaskCategory=None
OpCode=None
Message=7025 - Dump after return from D3 before cmd
06/20/2022 01:01:57 AM
LogName=System
EventCode=7026
EventType=4
ComputerName=LAPTOP-4Q46IUDJ
SourceName=Netwtw10
Type=Information
RecordNumber=12935
Keywords=Classic
TaskCategory=None
OpCode=None
Message=7026 - Dump after return from D3 after cmd
06/20/2022 01:01:57 AM
LogName=System
EventCode=7025
EventType=4
ComputerName=LAPTOP-4Q46IUDJ
SourceName=Netwtw10
Type=Information
RecordNumber=12934
Keywords=Classic
TaskCategory=None
OpCode=None
Message=7025 - Dump after return from D3 before cmd
06/20/2022 12:53:41 AM
LogName=System
EventCode=7026
EventType=4
ComputerName=LAPTOP-4Q46IUDJ
SourceName=Netwtw10
Type=Information
RecordNumber=12933
Keywords=Classic
TaskCategory=None
OpCode=None
Message=7026 - Dump after return from D3 after cmd
06/20/2022 12:53:41 AM
LogName=System
EventCode=7025
EventType=4
ComputerName=LAPTOP-4Q46IUDJ
SourceName=Netwtw10
Type=Information
RecordNumber=12932
Keywords=Classic
TaskCategory=None
OpCode=None
Message=7025 - Dump after return from D3 before cmd
06/20/2022 12:52:54 AM
LogName=System
EventCode=7026
EventType=4
ComputerName=LAPTOP-4Q46IUDJ
SourceName=Netwtw10
Type=Information
RecordNumber=12931
Keywords=Classic
TaskCategory=None
OpCode=None
Message=7026 - Dump after return from D3 after cmd
06/21/2022 12:52:54 AM
LogName=System
EventCode=7025
EventType=4
ComputerName=LAPTOP-4Q46IUDJ
SourceName=Netwtw10
Type=Information
RecordNumber=12930
Keywords=Classic
TaskCategory=None
OpCode=None
Message=7025 - Dump after return from D3 before cmd
06/25/2022 12:49:59 AM
LogName=System
EventCode=7026
EventType=4
ComputerName=LAPTOP-4Q46IUDJ
SourceName=Netwtw10
Type=Information
RecordNumber=12929
Keywords=Classic
TaskCategory=None
OpCode=None
Message=7026 - Dump after return from D3 after cmd
06/30/2022 12:49:59 AM
LogName=System
EventCode=7025
EventType=4
ComputerName=LAPTOP-4Q46IUDJ
SourceName=Netwtw10
Type=Information
RecordNumber=12928
Keywords=Classic
TaskCategory=None
OpCode=None
Message=7025 - Dump after return from D3 before cmd
07/04/2022 12:44:51 AM
LogName=System
EventCode=7026
EventType=4
ComputerName=LAPTOP-4Q46IUDJ
SourceName=Netwtw10
Type=Information
RecordNumber=12927
Keywords=Classic
TaskCategory=None
OpCode=None
Message=7026 - Dump after return from D3 after cmd
07/04/2022 12:44:51 AM
LogName=System
EventCode=7025
EventType=4
ComputerName=LAPTOP-4Q46IUDJ
SourceName=Netwtw10
Type=Information
RecordNumber=12926
Keywords=Classic
TaskCategory=None
OpCode=None
Message=7025 - Dump after return from D3 before cmd
07/04/2022 12:43:06 AM
LogName=System
EventCode=7026
EventType=4
ComputerName=LAPTOP-4Q46IUDJ
SourceName=Netwtw10
Type=Information
RecordNumber=12925
Keywords=Classic
TaskCategory=None
OpCode=None
Message=7026 - Dump after return from D3 after cmd
07/04/2022 12:43:06 AM
LogName=System
EventCode=7025
EventType=4
ComputerName=LAPTOP-4Q46IUDJ
SourceName=Netwtw10
Type=Information
RecordNumber=12924
Keywords=Classic
TaskCategory=None
OpCode=None
Message=7025 - Dump after return from D3 before cmd
07/04/2022 12:30:28 AM
LogName=System
EventCode=7026
EventType=4
ComputerName=LAPTOP-4Q46IUDJ
SourceName=Netwtw10
Type=Information
RecordNumber=12923
Keywords=Classic
TaskCategory=None
OpCode=None
Message=7026 - Dump after return from D3 after cmd
07/04/2022 12:30:28 AM
LogName=System
EventCode=7025
EventType=4
ComputerName=LAPTOP-4Q46IUDJ
SourceName=Netwtw10
Type=Information
RecordNumber=12922
Keywords=Classic
TaskCategory=None
OpCode=None
Message=7025 - Dump after return from D3 before cmd
07/04/2022 12:28:35 AM
LogName=System
EventCode=7026
EventType=4
ComputerName=LAPTOP-4Q46IUDJ
SourceName=Netwtw10
Type=Information
RecordNumber=12921
Keywords=Classic
TaskCategory=None
OpCode=None
Message=7026 - Dump after return from D3 after cmd
07/04/2022 12:28:35 AM
LogName=System
EventCode=7025
EventType=4
ComputerName=LAPTOP-4Q46IUDJ
SourceName=Netwtw10
Type=Information
RecordNumber=12920
Keywords=Classic
TaskCategory=None
OpCode=None
Message=7025 - Dump after return from D3 before cmd
07/04/2022 12:28:30 AM
LogName=System
EventCode=7026
EventType=4
ComputerName=LAPTOP-4Q46IUDJ
SourceName=Netwtw10
Type=Information
RecordNumber=12919
Keywords=Classic
TaskCategory=None
OpCode=None
Message=7026 - Dump after return from D3 after cmd
07/04/2022 12:28:30 AM
LogName=System
EventCode=7025
EventType=4
ComputerName=LAPTOP-4Q46IUDJ
SourceName=Netwtw10
Type=Information
RecordNumber=12918
Keywords=Classic
TaskCategory=None
OpCode=None
Message=7025 - Dump after return from D3 before cmd
07/04/2022 12:18:51 AM
LogName=System
EventCode=7026
EventType=4
ComputerName=LAPTOP-4Q46IUDJ
SourceName=Netwtw10
Type=Information
RecordNumber=12917
Keywords=Classic
TaskCategory=None
OpCode=None
Message=7026 - Dump after return from D3 after cmd
07/04/2022 12:18:51 AM
LogName=System
EventCode=7025
EventType=4
ComputerName=LAPTOP-4Q46IUDJ
SourceName=Netwtw10
Type=Information
RecordNumber=12916
Keywords=Classic
TaskCategory=None
OpCode=None
Message=7025 - Dump after return from D3 before cmd
07/12/2022 12:16:51 AM
LogName=System
EventCode=7026
EventType=4
ComputerName=LAPTOP-4Q46IUDJ
SourceName=Netwtw10
Type=Information
RecordNumber=12915
Keywords=Classic
TaskCategory=None
OpCode=None
Message=7026 - Dump after return from D3 after cmd
07/20/2022 12:16:51 AM
LogName=System
EventCode=7025
EventType=4
ComputerName=LAPTOP-4Q46IUDJ
SourceName=Netwtw10
Type=Information
RecordNumber=12914
Keywords=Classic
TaskCategory=None
OpCode=None
Message=7025 - Dump after return from D3 before cmd
07/27/2022 12:01:57 AM
LogName=System
EventCode=7026
EventType=4
ComputerName=LAPTOP-4Q46IUDJ
SourceName=Netwtw10
Type=Information
RecordNumber=12913
Keywords=Classic
TaskCategory=None
OpCode=None
Message=7026 - Dump after return from D3 after cmd
07/30/2022 12:01:57 AM
LogName=System
EventCode=7025
EventType=4
ComputerName=LAPTOP-4Q46IUDJ
SourceName=Netwtw10
Type=Information
RecordNumber=12912
Keywords=Classic
TaskCategory=None
OpCode=None
Message=7025 - Dump after return from D3 before cmd
08/01/2022 11:53:37 PM
LogName=System
EventCode=7026
EventType=4
ComputerName=LAPTOP-4Q46IUDJ
SourceName=Netwtw10
Type=Information
RecordNumber=12911
Keywords=Classic
TaskCategory=None
OpCode=None
Message=7026 - Dump after return from D3 after cmd
08/10/2022 11:53:37 PM
LogName=System
EventCode=7025
EventType=4
ComputerName=LAPTOP-4Q46IUDJ
SourceName=Netwtw10
Type=Information
RecordNumber=12910
Keywords=Classic
TaskCategory=None
OpCode=None
Message=7025 - Dump after return from D3 before cmd
08/14/2022 11:53:32 PM
LogName=System
EventCode=7026
EventType=4
ComputerName=LAPTOP-4Q46IUDJ
SourceName=Netwtw10
Type=Information
RecordNumber=12909
Keywords=Classic
TaskCategory=None
OpCode=None
Message=7026 - Dump after return from D3 after cmd
08/22/2022 11:53:32 PM
LogName=System
EventCode=7025
EventType=4
ComputerName=LAPTOP-4Q46IUDJ
SourceName=Netwtw10
Type=Information
RecordNumber=12908
Keywords=Classic
TaskCategory=None
OpCode=None
Message=7025 - Dump after return from D3 before cmd
08/24/2022 11:50:22 PM
LogName=System
EventCode=7026
EventType=4
ComputerName=LAPTOP-4Q46IUDJ
SourceName=Netwtw10
Type=Information
RecordNumber=12907
Keywords=Classic
TaskCategory=None
OpCode=None
Message=7026 - Dump after return from D3 after cmd
08/30/2022 11:50:22 PM
LogName=System
EventCode=7025
EventType=4
ComputerName=LAPTOP-4Q46IUDJ
SourceName=Netwtw10
Type=Information
RecordNumber=12906
Keywords=Classic
TaskCategory=None
OpCode=None
Message=7025 - Dump after return from D3 before cmd
09/05/2022 11:48:51 PM
LogName=System
EventCode=7026
EventType=4
ComputerName=LAPTOP-4Q46IUDJ
SourceName=Netwtw10
Type=Information
RecordNumber=12905
Keywords=Classic
TaskCategory=None
OpCode=None
Message=7026 - Dump after return from D3 after cmd
09/05/2022 11:48:51 PM
LogName=System
EventCode=7025
EventType=4
ComputerName=LAPTOP-4Q46IUDJ
SourceName=Netwtw10
Type=Information
RecordNumber=12904
Keywords=Classic
TaskCategory=None
OpCode=None
Message=7025 - Dump after return from D3 before cmd
09/05/2022 11:43:34 PM
LogName=System
EventCode=7026
EventType=4
ComputerName=LAPTOP-4Q46IUDJ
SourceName=Netwtw10
Type=Information
RecordNumber=12903
Keywords=Classic
TaskCategory=None
OpCode=None
Message=7026 - Dump after return from D3 after cmd
09/05/2022 11:43:33 PM
LogName=System
EventCode=7025
EventType=4
ComputerName=LAPTOP-4Q46IUDJ
SourceName=Netwtw10
Type=Information
RecordNumber=12902
Keywords=Classic
TaskCategory=None
OpCode=None
Message=7025 - Dump after return from D3 before cmd
09/05/2022 11:39:56 PM
LogName=System
EventCode=7026
EventType=4
ComputerName=LAPTOP-4Q46IUDJ
SourceName=Netwtw10
Type=Information
RecordNumber=12901
Keywords=Classic
TaskCategory=None
OpCode=None
Message=7026 - Dump after return from D3 after cmd
09/05/2022 11:39:56 PM
LogName=System
EventCode=7025
EventType=4
ComputerName=LAPTOP-4Q46IUDJ
SourceName=Netwtw10
Type=Information
RecordNumber=12900
Keywords=Classic
TaskCategory=None
OpCode=None
Message=7025 - Dump after return from D3 before cmd
09/05/2022 11:37:55 PM
LogName=System
EventCode=7026
EventType=4
ComputerName=LAPTOP-4Q46IUDJ
SourceName=Netwtw10
Type=Information
RecordNumber=12899
Keywords=Classic
TaskCategory=None
OpCode=None
Message=7026 - Dump after return from D3 after cmd
09/05/2022 11:37:55 PM
LogName=System
EventCode=7025
EventType=4
ComputerName=LAPTOP-4Q46IUDJ
SourceName=Netwtw10
Type=Information
RecordNumber=12898
Keywords=Classic
TaskCategory=None
OpCode=None
Message=7025 - Dump after return from D3 before cmd
09/05/2022 11:35:45 PM
LogName=System
EventCode=7026
EventType=4
ComputerName=LAPTOP-4Q46IUDJ
SourceName=Netwtw10
Type=Information
RecordNumber=12897
Keywords=Classic
TaskCategory=None
OpCode=None
Message=7026 - Dump after return from D3 after cmd
09/07/2022 11:35:45 PM
LogName=System
EventCode=7025
EventType=4
ComputerName=LAPTOP-4Q46IUDJ
SourceName=Netwtw10
Type=Information
RecordNumber=12896
Keywords=Classic
TaskCategory=None
OpCode=None
Message=7025 - Dump after return from D3 before cmd
09/11/2022 11:33:17 PM
LogName=System
EventCode=7026
EventType=4
ComputerName=LAPTOP-4Q46IUDJ
SourceName=Netwtw10
Type=Information
RecordNumber=12895
Keywords=Classic
TaskCategory=None
OpCode=None
Message=7026 - Dump after return from D3 after cmd
09/14/2022 11:33:17 PM
LogName=System
EventCode=7025
EventType=4
ComputerName=LAPTOP-4Q46IUDJ
SourceName=Netwtw10
Type=Information
RecordNumber=12894
Keywords=Classic
TaskCategory=None
OpCode=None
Message=7025 - Dump after return from D3 before cmd
09/24/2022 11:31:55 PM
LogName=System
EventCode=7026
EventType=4
ComputerName=LAPTOP-4Q46IUDJ
SourceName=Netwtw10
Type=Information
RecordNumber=12893
Keywords=Classic
TaskCategory=None
OpCode=None
Message=7026 - Dump after return from D3 after cmd
10/10/2022 10:28:46 PM
LogName=System
EventCode=7026
EventType=4
ComputerName=LAPTOP-4Q46IUDJ
SourceName=Netwtw10
Type=Information
RecordNumber=12871
Keywords=Classic
TaskCategory=None
OpCode=None
Message=7026 - Dump after return from D3 after cmd
10/10/2022 10:28:46 PM
LogName=System
EventCode=7025
EventType=4
ComputerName=LAPTOP-4Q46IUDJ
SourceName=Netwtw10
Type=Information
RecordNumber=12870
Keywords=Classic
TaskCategory=None
OpCode=None
Message=7025 - Dump after return from D3 before cmd
10/10/2022 10:28:20 PM
LogName=System
EventCode=7026
EventType=4
ComputerName=LAPTOP-4Q46IUDJ
SourceName=Netwtw10
Type=Information
RecordNumber=12869
Keywords=Classic
TaskCategory=None
OpCode=None
Message=7026 - Dump after return from D3 after cmd
10/10/2022 12:54:38 AM
LogName=System
EventCode=7027
EventType=4
ComputerName=LAPTOP-4Q46IUDJ
SourceName=Netwtw10
Type=Information
RecordNumber=5540
Keywords=Classic
TaskCategory=None
OpCode=None
Message=7027 - get Nic Manufacturere on init
10/10/2022 12:54:38 AM
LogName=System
EventCode=7036
EventType=4
ComputerName=LAPTOP-4Q46IUDJ
SourceName=Netwtw10
Type=Information
RecordNumber=5539
Keywords=Classic
TaskCategory=None
OpCode=None
Message=The \Device\NDMP25 service entered the Intel(R) Wi-Fi 6 AX201 160MHz state.
10/11/2022 12:54:38 AM
LogName=System
EventCode=8000
EventType=4
ComputerName=LAPTOP-4Q46IUDJ
SourceName=Netwtw10
Type=Information
RecordNumber=5538
Keywords=Classic
TaskCategory=None
OpCode=None
Message=8000 - Miniport Halt flow (driver disable)
10/15/2022 12:54:38 AM
LogName=System
EventCode=172
EventType=4
ComputerName=LAPTOP-4Q46IUDJ
User=NOT_TRANSLATED
Sid=S-1-5-18
SidType=0
SourceName=Microsoft-Windows-Kernel-Power
Type=Information
RecordNumber=5537
Keywords=None
TaskCategory=203
OpCode=Info
Message=Connectivity state in standby: Disconnected, Reason: NIC compliance
10/28/2022 12:54:38 AM
LogName=System
EventCode=4003
EventType=3
ComputerName=LAPTOP-4Q46IUDJ
User=NOT_TRANSLATED
Sid=S-1-5-18
SidType=0
SourceName=Microsoft-Windows-WLAN-AutoConfig
Type=Warning
RecordNumber=5536
Keywords=None
TaskCategory=None
OpCode=Info
Message=WLAN AutoConfig detected limited connectivity, attempting automatic recovery.

Recovery Type: 4
Error Code: 0x0
Trigger Reason: 5
IP Family: 0
10/31/2022 12:54:33 AM
LogName=System
EventCode=1014
EventType=3
ComputerName=LAPTOP-4Q46IUDJ
User=NOT_TRANSLATED
Sid=S-1-5-20
SidType=0
SourceName=Microsoft-Windows-DNS Client Events
Type=Warning
RecordNumber=5535
Keywords=None
TaskCategory=1014
OpCode=Info
Message=Name resolution for the name test.steampowered.com timed out after none of the configured DNS servers responded. Client PID 5968.
11/1/2022 12:54:22 AM
LogName=System
EventCode=7021
EventType=4
ComputerName=LAPTOP-4Q46IUDJ
SourceName=Netwtw10
Type=Information
RecordNumber=5534
Keywords=Classic
TaskCategory=None
OpCode=None
Message=7021 - Connection telemetry fields and analysis usage
11/10/2022 12:53:54 AM
LogName=System
EventCode=1014
EventType=3
ComputerName=LAPTOP-4Q46IUDJ
User=NOT_TRANSLATED
Sid=S-1-5-20
SidType=0
SourceName=Microsoft-Windows-DNS Client Events
Type=Warning
RecordNumber=5533
Keywords=None
TaskCategory=1014
OpCode=Info
Message=Name resolution for the name steamcdn-a.akamaihd.net timed out after none of the configured DNS servers responded. Client PID 5968.
11/10/2022 12:53:32 AM
LogName=System
EventCode=566
EventType=4
ComputerName=LAPTOP-4Q46IUDJ
User=NOT_TRANSLATED
Sid=S-1-5-18
SidType=0
SourceName=Microsoft-Windows-Kernel-Power
Type=Information
RecordNumber=5532
Keywords=None
TaskCategory=268
OpCode=Info
Message=The system session has transitioned from 128 to 129.

Reason: 16
11/14/2022 12:53:32 AM
LogName=System
EventCode=507
EventType=4
ComputerName=LAPTOP-4Q46IUDJ
User=NOT_TRANSLATED
Sid=S-1-5-18
SidType=0
SourceName=Microsoft-Windows-Kernel-Power
Type=Information
RecordNumber=5531
Keywords=None
TaskCategory=158
OpCode=Info
Message=The system is exiting Modern Standby 

Reason: Lid.
11/24/2022 12:53:32 AM
LogName=System
EventCode=7026
EventType=4
ComputerName=LAPTOP-4Q46IUDJ
SourceName=Netwtw10
Type=Information
RecordNumber=5530
Keywords=Classic
TaskCategory=None
OpCode=None
Message=7026 - Dump after return from D3 after cmd
11/24/2022 12:53:32 AM
LogName=System
EventCode=12
EventType=4
ComputerName=LAPTOP-4Q46IUDJ
User=NOT_TRANSLATED
Sid=S-1-5-18
SidType=0
SourceName=Microsoft-Windows-UserModePowerService
Type=Information
RecordNumber=5529
Keywords=None
TaskCategory=10
OpCode=Info
Message=Process C:\Windows\System32\svchost.exe (process ID:1532) reset policy scheme from {c49fff68-a36d-437d-8c72-ec5557cbef6b} to {c49fff68-a36d-437d-8c72-ec5557cbef6b}
11/24/2022 12:53:32 AM
LogName=System
EventCode=7025
EventType=4
ComputerName=LAPTOP-4Q46IUDJ
SourceName=Netwtw10
Type=Information
RecordNumber=5528
Keywords=Classic
TaskCategory=None
OpCode=None
Message=7025 - Dump after return from D3 before cmd
11/24/2022 12:12:32 AM
LogName=System
EventCode=7026
EventType=4
ComputerName=LAPTOP-4Q46IUDJ
SourceName=Netwtw10
Type=Information
RecordNumber=5527
Keywords=Classic
TaskCategory=None
OpCode=None
Message=7026 - Dump after return from D3 after cmd
11/24/2022 12:12:32 AM
LogName=System
EventCode=7025
EventType=4
ComputerName=LAPTOP-4Q46IUDJ
SourceName=Netwtw10
Type=Information
RecordNumber=5526
Keywords=Classic
TaskCategory=None
OpCode=None
Message=7025 - Dump after return from D3 before cmd
11/24/2022 12:12:27 AM
LogName=System
EventCode=7026
EventType=4
ComputerName=LAPTOP-4Q46IUDJ
SourceName=Netwtw10
Type=Information
RecordNumber=5525
Keywords=Classic
TaskCategory=None
OpCode=None
Message=7026 - Dump after return from D3 after cmd
11/28/2022 12:12:27 AM
LogName=System
EventCode=7025
EventType=4
ComputerName=LAPTOP-4Q46IUDJ
SourceName=Netwtw10
Type=Information
RecordNumber=5524
Keywords=Classic
TaskCategory=None
OpCode=None
Message=7025 - Dump after return from D3 before cmd
12/01/2022 12:12:13 AM
LogName=System
EventCode=1014
EventType=3
ComputerName=LAPTOP-4Q46IUDJ
User=NOT_TRANSLATED
Sid=S-1-5-20
SidType=0
SourceName=Microsoft-Windows-DNS Client Events
Type=Warning
RecordNumber=5523
Keywords=None
TaskCategory=1014
OpCode=Info
Message=Name resolution for the name client.wns.windows.com timed out after none of the configured DNS servers responded. Client PID 4836.
12/15/2022 12:12:02 AM
LogName=System
EventCode=7026
EventType=4
ComputerName=LAPTOP-4Q46IUDJ
SourceName=Netwtw10
Type=Information
RecordNumber=5522
Keywords=Classic
TaskCategory=None
OpCode=None
Message=7026 - Dump after return from D3 after cmd
12/25/2022 12:12:02 AM
LogName=System
EventCode=7025
EventType=4
ComputerName=LAPTOP-4Q46IUDJ
SourceName=Netwtw10
Type=Information
RecordNumber=5521
Keywords=Classic
TaskCategory=None
OpCode=None
Message=7025 - Dump after return from D3 before cmd
12/25/2022 12:11:36 AM
LogName=System
EventCode=7026
EventType=4
ComputerName=LAPTOP-4Q46IUDJ
SourceName=Netwtw10
Type=Information
RecordNumber=5520
Keywords=Classic
TaskCategory=None
OpCode=None
Message=7026 - Dump after return from D3 after cmd
12/25/2022 12:11:36 AM
LogName=System
EventCode=7025
EventType=4
ComputerName=LAPTOP-4Q46IUDJ
SourceName=Netwtw10
Type=Information
RecordNumber=5519
Keywords=Classic
TaskCategory=None
OpCode=None
Message=7025 - Dump after return from D3 before cmd
12/25/2022 11:59:36 PM
LogName=System
EventCode=7026
EventType=4
ComputerName=LAPTOP-4Q46IUDJ
SourceName=Netwtw10
Type=Information
RecordNumber=5518
Keywords=Classic
TaskCategory=None
OpCode=None
Message=7026 - Dump after return from D3 after cmd